<?xml version="1.0" encoding="UTF-8"?>
<testng-results ignored="0" total="1" passed="1" failed="0" skipped="0">
  <reporter-output>
  </reporter-output>
  <suite started-at="2021-12-07T17:12:46 IST" name="Default suite" finished-at="2021-12-07T17:12:57 IST" duration-ms="10217">
    <groups>
    </groups>
    <test started-at="2021-12-07T17:12:46 IST" name="Default test" finished-at="2021-12-07T17:12:57 IST" duration-ms="10217">
      <class name="practiceScripts.fire">
        <test-method signature="firre()[pri:0, instance:practiceScripts.fire@52719fb6]" started-at="2021-12-07T17:12:46 IST" name="firre" finished-at="2021-12-07T17:12:57 IST" duration-ms="10171" status="PASS">
          <reporter-output>
          </reporter-output>
        </test-method> <!-- firre -->
      </class> <!-- practiceScripts.fire -->
    </test> <!-- Default test -->
  </suite> <!-- Default suite -->
</testng-results>
